<?xml version="1.0" encoding="UTF-8"?>
<!-- Generated by org.testng.reporters.JUnitXMLReporter -->
<testsuite ignored="4" hostname="LAPTOP-BNEF5TES" failures="1" tests="3" name="Test" time="0.092" errors="0" timestamp="2022-12-10T14:01:27 IST">
  <testcase classname="scripts.Test1" name="tc1" time="0.01"/>
  <testcase classname="scripts.Test2" name="tc2" time="0.007">
    <failure type="java.lang.AssertionError" message="expected [false] but found [true]">
      <![CDATA[java.lang.AssertionError: expected [false] but found [true]
at scripts.Test2.tc2(Test2.java:24)
at java.base/java.util.ArrayList.forEach(ArrayList.java:1511)
... Removed 31 stack frames]]>
    </failure>
  </testcase> <!-- tc2 -->
  <testcase classname="scripts.Test3" name="tc3" time="0.007">
    <skipped/>
  </testcase> <!-- tc3 -->
  <testcase classname="genericLibExtentReports.Baseclass" name="@BeforeSuite confidBS" time="0.0">
    <ignored/>
  </testcase> <!-- @BeforeSuite confidBS -->
  <testcase classname="genericLibExtentReports.Baseclass" name="@BeforeSuite confidBS" time="0.0">
    <ignored/>
  </testcase> <!-- @BeforeSuite confidBS -->
  <testcase classname="genericLibExtentReports.Baseclass" name="@AfterSuite configAS" time="0.0">
    <ignored/>
  </testcase> <!-- @AfterSuite configAS -->
  <testcase classname="genericLibExtentReports.Baseclass" name="@AfterSuite configAS" time="0.0">
    <ignored/>
  </testcase> <!-- @AfterSuite configAS -->
</testsuite> <!-- Test -->
